<?xml version="1.0" encoding="UTF-8"?>
<coverage generated="1485358074933" clover="3.2.0">
  <project timestamp="1485358074933" name="All files">
    <metrics statements="87" coveredstatements="65" conditionals="17" coveredconditionals="8" methods="31" coveredmethods="11" elements="135" coveredelements="84" complexity="0" loc="87" ncloc="87" packages="7" files="8" classes="8">
      <package name="app">
        <metrics statements="21" coveredstatements="21" conditionals="4" coveredconditionals="2" methods="0" coveredmethods="0"/>
        <file name="constants.js" path="/home/osifo/ahead/web/tilte/app/constants.js">
          <metrics statements="21" coveredstatements="21" conditionals="4" coveredconditionals="2" methods="0" coveredmethods="0"/>
          <line num="2" count="2" type="stmt"/>
          <line num="3" count="2" type="stmt"/>
          <line num="4" count="2" type="stmt"/>
          <line num="5" count="2" type="stmt"/>
          <line num="6" count="2" type="stmt"/>
          <line num="7" count="2" type="stmt"/>
          <line num="8" count="2" type="stmt"/>
          <line num="9" count="2" type="stmt"/>
          <line num="10" count="2" type="stmt"/>
          <line num="11" count="2" type="stmt"/>
          <line num="12" count="2" type="stmt"/>
          <line num="13" count="2" type="stmt"/>
          <line num="14" count="2" type="stmt"/>
          <line num="16" count="2" type="stmt"/>
          <line num="22" count="2" type="stmt"/>
          <line num="31" count="2" type="stmt"/>
          <line num="33" count="2" type="stmt"/>
          <line num="35" count="2" type="stmt"/>
          <line num="42" count="2" type="stmt"/>
          <line num="44" count="2" type="stmt"/>
          <line num="46" count="2" type="stmt"/>
        </file>
      </package>
      <package name="app.actions">
        <metrics statements="20" coveredstatements="9" conditionals="0" coveredconditionals="0" methods="12" coveredmethods="1"/>
        <file name="EventActionCreators.js" path="/home/osifo/ahead/web/tilte/app/actions/EventActionCreators.js">
          <metrics statements="20" coveredstatements="9" conditionals="0" coveredconditionals="0" methods="12" coveredmethods="1"/>
          <line num="6" count="1" type="stmt"/>
          <line num="10" count="1" type="stmt"/>
          <line num="14" count="1" type="stmt"/>
          <line num="18" count="1" type="stmt"/>
          <line num="19" count="1" type="stmt"/>
          <line num="21" count="1" type="stmt"/>
          <line num="25" count="1" type="stmt"/>
          <line num="26" count="0" type="stmt"/>
          <line num="28" count="0" type="stmt"/>
          <line num="29" count="0" type="stmt"/>
          <line num="30" count="0" type="stmt"/>
          <line num="34" count="1" type="stmt"/>
          <line num="38" count="1" type="stmt"/>
          <line num="39" count="0" type="stmt"/>
          <line num="41" count="0" type="stmt"/>
          <line num="45" count="0" type="stmt"/>
          <line num="46" count="0" type="stmt"/>
          <line num="48" count="0" type="stmt"/>
          <line num="49" count="0" type="stmt"/>
          <line num="50" count="0" type="stmt"/>
        </file>
      </package>
      <package name="app.api">
        <metrics statements="6" coveredstatements="2" conditionals="0" coveredconditionals="0" methods="4" coveredmethods="0"/>
        <file name="EventAPI.js" path="/home/osifo/ahead/web/tilte/app/api/EventAPI.js">
          <metrics statements="6" coveredstatements="2" conditionals="0" coveredconditionals="0" methods="4" coveredmethods="0"/>
          <line num="4" count="1" type="stmt"/>
          <line num="5" count="0" type="stmt"/>
          <line num="10" count="0" type="stmt"/>
          <line num="13" count="1" type="stmt"/>
          <line num="14" count="0" type="stmt"/>
          <line num="18" count="0" type="stmt"/>
        </file>
      </package>
      <package name="app.components">
        <metrics statements="21" coveredstatements="21" conditionals="8" coveredconditionals="5" methods="8" coveredmethods="8"/>
        <file name="Icon.js" path="/home/osifo/ahead/web/tilte/app/components/Icon.js">
          <metrics statements="5" coveredstatements="5" conditionals="0" coveredconditionals="0" methods="1" coveredmethods="1"/>
          <line num="4" count="1" type="stmt"/>
          <line num="5" count="7" type="stmt"/>
          <line num="16" count="7" type="stmt"/>
          <line num="23" count="1" type="stmt"/>
          <line num="29" count="1" type="stmt"/>
        </file>
        <file name="LikeTrigger.js" path="/home/osifo/ahead/web/tilte/app/components/LikeTrigger.js">
          <metrics statements="16" coveredstatements="16" conditionals="8" coveredconditionals="5" methods="7" coveredmethods="7"/>
          <line num="1" count="1" type="stmt"/>
          <line num="11" count="4" type="stmt"/>
          <line num="13" count="4" type="stmt"/>
          <line num="23" count="4" type="stmt"/>
          <line num="29" count="7" type="stmt"/>
          <line num="33" count="2" type="stmt"/>
          <line num="34" count="2" type="stmt"/>
          <line num="41" count="1" type="stmt"/>
          <line num="42" count="1" type="stmt"/>
          <line num="49" count="1" type="stmt"/>
          <line num="53" count="7" type="stmt"/>
          <line num="55" count="7" type="stmt"/>
          <line num="56" count="4" type="stmt"/>
          <line num="63" count="3" type="stmt"/>
          <line num="70" count="7" type="stmt"/>
          <line num="74" count="1" type="stmt"/>
        </file>
      </package>
      <package name="app.helpers">
        <metrics statements="4" coveredstatements="4" conditionals="0" coveredconditionals="0" methods="1" coveredmethods="1"/>
        <file name="HttpHelper.js" path="/home/osifo/ahead/web/tilte/app/helpers/HttpHelper.js">
          <metrics statements="4" coveredstatements="4" conditionals="0" coveredconditionals="0" methods="1" coveredmethods="1"/>
          <line num="1" count="1" type="stmt"/>
          <line num="2" count="1" type="stmt"/>
          <line num="3" count="1" type="stmt"/>
          <line num="4" count="1" type="stmt"/>
        </file>
      </package>
      <package name="app.reducers">
        <metrics statements="15" coveredstatements="8" conditionals="5" coveredconditionals="1" methods="6" coveredmethods="1"/>
        <file name="FeedReducer.js" path="/home/osifo/ahead/web/tilte/app/reducers/FeedReducer.js">
          <metrics statements="15" coveredstatements="8" conditionals="5" coveredconditionals="1" methods="6" coveredmethods="1"/>
          <line num="5" count="1" type="stmt"/>
          <line num="8" count="1" type="stmt"/>
          <line num="9" count="1" type="stmt"/>
          <line num="11" count="1" type="stmt"/>
          <line num="13" count="0" type="stmt"/>
          <line num="16" count="0" type="stmt"/>
          <line num="19" count="0" type="stmt"/>
          <line num="22" count="1" type="stmt"/>
          <line num="26" count="1" type="stmt"/>
          <line num="27" count="0" type="stmt"/>
          <line num="30" count="1" type="stmt"/>
          <line num="31" count="0" type="stmt"/>
          <line num="34" count="1" type="stmt"/>
          <line num="35" count="0" type="stmt"/>
          <line num="36" count="0" type="stmt"/>
        </file>
      </package>
      <package name="app.styles">
        <metrics statements="0" coveredstatements="0" conditionals="0" coveredconditionals="0" methods="0" coveredmethods="0"/>
        <file name="like_trigger.scss" path="/home/osifo/ahead/web/tilte/app/styles/like_trigger.scss">
          <metrics statements="0" coveredstatements="0" conditionals="0" coveredconditionals="0" methods="0" coveredmethods="0"/>
        </file>
      </package>
    </metrics>
  </project>
</coverage>
