{"/home/osifo/ahead/web/tilte/app/constants.js": {"path":"/home/osifo/ahead/web/tilte/app/constants.js","statementMap":{"0":{"start":{"line":2,"column":52},"end":{"line":2,"column":71}},"1":{"start":{"line":3,"column":52},"end":{"line":3,"column":74}},"2":{"start":{"line":4,"column":52},"end":{"line":4,"column":74}},"3":{"start":{"line":5,"column":52},"end":{"line":5,"column":76}},"4":{"start":{"line":6,"column":52},"end":{"line":6,"column":72}},"5":{"start":{"line":7,"column":52},"end":{"line":7,"column":71}},"6":{"start":{"line":8,"column":52},"end":{"line":8,"column":74}},"7":{"start":{"line":9,"column":52},"end":{"line":9,"column":80}},"8":{"start":{"line":10,"column":52},"end":{"line":10,"column":68}},"9":{"start":{"line":11,"column":52},"end":{"line":11,"column":78}},"10":{"start":{"line":12,"column":52},"end":{"line":12,"column":78}},"11":{"start":{"line":13,"column":52},"end":{"line":13,"column":80}},"12":{"start":{"line":14,"column":52},"end":{"line":14,"column":69}},"13":{"start":{"line":16,"column":52},"end":{"line":20,"column":53}},"14":{"start":{"line":22,"column":52},"end":{"line":29,"column":53}},"15":{"start":{"line":31,"column":53},"end":{"line":31,"column":150}},"16":{"start":{"line":33,"column":52},"end":{"line":33,"column":93}},"17":{"start":{"line":35,"column":52},"end":{"line":40,"column":53}},"18":{"start":{"line":42,"column":52},"end":{"line":42,"column":158}},"19":{"start":{"line":44,"column":52},"end":{"line":44,"column":351}},"20":{"start":{"line":46,"column":52},"end":{"line":46,"column":469}}},"fnMap":{},"branchMap":{"0":{"loc":{"start":{"line":31,"column":53},"end":{"line":31,"column":150}},"type":"cond-expr","locations":[{"start":{"line":31,"column":93},"end":{"line":31,"column":124}},{"start":{"line":31,"column":127},"end":{"line":31,"column":150}}]},"1":{"loc":{"start":{"line":42,"column":52},"end":{"line":42,"column":158}},"type":"cond-expr","locations":[{"start":{"line":42,"column":92},"end":{"line":42,"column":129}},{"start":{"line":42,"column":131},"end":{"line":42,"column":158}}]}},"s":{"0":2,"1":2,"2":2,"3":2,"4":2,"5":2,"6":2,"7":2,"8":2,"9":2,"10":2,"11":2,"12":2,"13":2,"14":2,"15":2,"16":2,"17":2,"18":2,"19":2,"20":2},"f":{},"b":{"0":[0,2],"1":[0,2]},"_coverageSchema":"332fd63041d2c1bcb487cc26dd0d5f7d97098a6c","hash":"3c8b890f667d161bf99c4fa16f28c23ff4277973"}
,"/home/osifo/ahead/web/tilte/app/actions/MomentActionCreators.js": {"path":"/home/osifo/ahead/web/tilte/app/actions/MomentActionCreators.js","statementMap":{"0":{"start":{"line":6,"column":28},"end":{"line":8,"column":2}},"1":{"start":{"line":6,"column":54},"end":{"line":8,"column":1}},"2":{"start":{"line":10,"column":26},"end":{"line":12,"column":2}},"3":{"start":{"line":10,"column":50},"end":{"line":12,"column":1}},"4":{"start":{"line":14,"column":26},"end":{"line":16,"column":2}},"5":{"start":{"line":14,"column":33},"end":{"line":16,"column":1}},"6":{"start":{"line":18,"column":26},"end":{"line":32,"column":1}},"7":{"start":{"line":19,"column":21},"end":{"line":19,"column":27}},"8":{"start":{"line":21,"column":22},"end":{"line":23,"column":4}},"9":{"start":{"line":25,"column":2},"end":{"line":31,"column":3}},"10":{"start":{"line":26,"column":4},"end":{"line":26,"column":24}},"11":{"start":{"line":28,"column":4},"end":{"line":30,"column":70}},"12":{"start":{"line":29,"column":23},"end":{"line":29,"column":73}},"13":{"start":{"line":30,"column":22},"end":{"line":30,"column":68}},"14":{"start":{"line":34,"column":34},"end":{"line":36,"column":2}},"15":{"start":{"line":34,"column":49},"end":{"line":36,"column":1}},"16":{"start":{"line":38,"column":34},"end":{"line":52,"column":1}},"17":{"start":{"line":39,"column":21},"end":{"line":39,"column":35}},"18":{"start":{"line":41,"column":22},"end":{"line":43,"column":4}},"19":{"start":{"line":45,"column":2},"end":{"line":51,"column":3}},"20":{"start":{"line":46,"column":4},"end":{"line":46,"column":32}},"21":{"start":{"line":48,"column":4},"end":{"line":50,"column":70}},"22":{"start":{"line":49,"column":23},"end":{"line":49,"column":73}},"23":{"start":{"line":50,"column":22},"end":{"line":50,"column":68}}},"fnMap":{"0":{"name":"(anonymous_0)","decl":{"start":{"line":6,"column":28},"end":{"line":6,"column":29}},"loc":{"start":{"line":6,"column":54},"end":{"line":8,"column":1}}},"1":{"name":"(anonymous_1)","decl":{"start":{"line":10,"column":26},"end":{"line":10,"column":27}},"loc":{"start":{"line":10,"column":50},"end":{"line":12,"column":1}}},"2":{"name":"(anonymous_2)","decl":{"start":{"line":14,"column":26},"end":{"line":14,"column":27}},"loc":{"start":{"line":14,"column":33},"end":{"line":16,"column":1}}},"3":{"name":"(anonymous_3)","decl":{"start":{"line":18,"column":26},"end":{"line":18,"column":27}},"loc":{"start":{"line":18,"column":49},"end":{"line":32,"column":1}}},"4":{"name":"(anonymous_4)","decl":{"start":{"line":25,"column":9},"end":{"line":25,"column":10}},"loc":{"start":{"line":25,"column":24},"end":{"line":31,"column":3}}},"5":{"name":"(anonymous_5)","decl":{"start":{"line":29,"column":12},"end":{"line":29,"column":13}},"loc":{"start":{"line":29,"column":23},"end":{"line":29,"column":73}}},"6":{"name":"(anonymous_6)","decl":{"start":{"line":30,"column":13},"end":{"line":30,"column":14}},"loc":{"start":{"line":30,"column":22},"end":{"line":30,"column":68}}},"7":{"name":"(anonymous_7)","decl":{"start":{"line":34,"column":34},"end":{"line":34,"column":35}},"loc":{"start":{"line":34,"column":49},"end":{"line":36,"column":1}}},"8":{"name":"(anonymous_8)","decl":{"start":{"line":38,"column":34},"end":{"line":38,"column":35}},"loc":{"start":{"line":38,"column":48},"end":{"line":52,"column":1}}},"9":{"name":"(anonymous_9)","decl":{"start":{"line":45,"column":9},"end":{"line":45,"column":10}},"loc":{"start":{"line":45,"column":24},"end":{"line":51,"column":3}}},"10":{"name":"(anonymous_10)","decl":{"start":{"line":49,"column":12},"end":{"line":49,"column":13}},"loc":{"start":{"line":49,"column":23},"end":{"line":49,"column":73}}},"11":{"name":"(anonymous_11)","decl":{"start":{"line":50,"column":13},"end":{"line":50,"column":14}},"loc":{"start":{"line":50,"column":22},"end":{"line":50,"column":68}}}},"branchMap":{},"s":{"0":1,"1":0,"2":1,"3":0,"4":1,"5":0,"6":1,"7":1,"8":1,"9":1,"10":0,"11":0,"12":0,"13":0,"14":1,"15":0,"16":1,"17":0,"18":0,"19":0,"20":0,"21":0,"22":0,"23":0},"f":{"0":0,"1":0,"2":0,"3":1,"4":0,"5":0,"6":0,"7":0,"8":0,"9":0,"10":0,"11":0},"b":{},"_coverageSchema":"332fd63041d2c1bcb487cc26dd0d5f7d97098a6c","hash":"f6dee55e0ae33bbcdc7b02f125e836176da5c1b7"}
,"/home/osifo/ahead/web/tilte/app/api/MomentAPI.js": {"path":"/home/osifo/ahead/web/tilte/app/api/MomentAPI.js","statementMap":{"0":{"start":{"line":4,"column":29},"end":{"line":11,"column":1}},"1":{"start":{"line":5,"column":2},"end":{"line":10,"column":37}},"2":{"start":{"line":10,"column":20},"end":{"line":10,"column":35}},"3":{"start":{"line":13,"column":30},"end":{"line":19,"column":1}},"4":{"start":{"line":14,"column":2},"end":{"line":18,"column":37}},"5":{"start":{"line":18,"column":20},"end":{"line":18,"column":35}}},"fnMap":{"0":{"name":"(anonymous_0)","decl":{"start":{"line":4,"column":29},"end":{"line":4,"column":30}},"loc":{"start":{"line":4,"column":46},"end":{"line":11,"column":1}}},"1":{"name":"(anonymous_1)","decl":{"start":{"line":10,"column":8},"end":{"line":10,"column":9}},"loc":{"start":{"line":10,"column":20},"end":{"line":10,"column":35}}},"2":{"name":"(anonymous_2)","decl":{"start":{"line":13,"column":30},"end":{"line":13,"column":31}},"loc":{"start":{"line":13,"column":47},"end":{"line":19,"column":1}}},"3":{"name":"(anonymous_3)","decl":{"start":{"line":18,"column":8},"end":{"line":18,"column":9}},"loc":{"start":{"line":18,"column":20},"end":{"line":18,"column":35}}}},"branchMap":{},"s":{"0":1,"1":0,"2":0,"3":1,"4":0,"5":0},"f":{"0":0,"1":0,"2":0,"3":0},"b":{},"_coverageSchema":"332fd63041d2c1bcb487cc26dd0d5f7d97098a6c","hash":"5cff7ac3494fd95229423e995fafe95f90f361bd"}
,"/home/osifo/ahead/web/tilte/app/components/Icon.js": {"path":"/home/osifo/ahead/web/tilte/app/components/Icon.js","statementMap":{"0":{"start":{"line":4,"column":13},"end":{"line":21,"column":1}},"1":{"start":{"line":5,"column":17},"end":{"line":14,"column":3}},"2":{"start":{"line":16,"column":2},"end":{"line":20,"column":4}},"3":{"start":{"line":23,"column":0},"end":{"line":27,"column":2}},"4":{"start":{"line":29,"column":0},"end":{"line":31,"column":2}}},"fnMap":{"0":{"name":"(anonymous_0)","decl":{"start":{"line":4,"column":13},"end":{"line":4,"column":14}},"loc":{"start":{"line":4,"column":24},"end":{"line":21,"column":1}}}},"branchMap":{},"s":{"0":1,"1":7,"2":7,"3":1,"4":1},"f":{"0":7},"b":{},"_coverageSchema":"332fd63041d2c1bcb487cc26dd0d5f7d97098a6c","hash":"12a1d8f19074799ea10dfd200cd239fb55218327"}
,"/home/osifo/ahead/web/tilte/app/components/LikeTrigger.js": {"path":"/home/osifo/ahead/web/tilte/app/components/LikeTrigger.js","statementMap":{"0":{"start":{"line":1,"column":0},"end":{"line":1,"column":39}},"1":{"start":{"line":11,"column":4},"end":{"line":11,"column":12}},"2":{"start":{"line":13,"column":4},"end":{"line":19,"column":5}},"3":{"start":{"line":23,"column":4},"end":{"line":25,"column":8}},"4":{"start":{"line":29,"column":4},"end":{"line":29,"column":37}},"5":{"start":{"line":33,"column":4},"end":{"line":37,"column":5}},"6":{"start":{"line":34,"column":6},"end":{"line":36,"column":10}},"7":{"start":{"line":41,"column":4},"end":{"line":45,"column":5}},"8":{"start":{"line":42,"column":6},"end":{"line":44,"column":10}},"9":{"start":{"line":49,"column":4},"end":{"line":49,"column":77}},"10":{"start":{"line":49,"column":29},"end":{"line":49,"column":77}},"11":{"start":{"line":53,"column":21},"end":{"line":53,"column":25}},"12":{"start":{"line":55,"column":4},"end":{"line":68,"column":5}},"13":{"start":{"line":56,"column":6},"end":{"line":61,"column":19}},"14":{"start":{"line":63,"column":6},"end":{"line":67,"column":8}},"15":{"start":{"line":70,"column":4},"end":{"line":70,"column":22}},"16":{"start":{"line":74,"column":0},"end":{"line":76,"column":1}}},"fnMap":{"0":{"name":"(anonymous_0)","decl":{"start":{"line":10,"column":2},"end":{"line":10,"column":3}},"loc":{"start":{"line":10,"column":16},"end":{"line":20,"column":3}}},"1":{"name":"(anonymous_1)","decl":{"start":{"line":22,"column":2},"end":{"line":22,"column":3}},"loc":{"start":{"line":22,"column":23},"end":{"line":26,"column":3}}},"2":{"name":"(anonymous_2)","decl":{"start":{"line":28,"column":2},"end":{"line":28,"column":3}},"loc":{"start":{"line":28,"column":24},"end":{"line":30,"column":3}}},"3":{"name":"(anonymous_3)","decl":{"start":{"line":32,"column":2},"end":{"line":32,"column":3}},"loc":{"start":{"line":32,"column":21},"end":{"line":38,"column":3}}},"4":{"name":"(anonymous_4)","decl":{"start":{"line":40,"column":2},"end":{"line":40,"column":3}},"loc":{"start":{"line":40,"column":21},"end":{"line":46,"column":3}}},"5":{"name":"(anonymous_5)","decl":{"start":{"line":48,"column":2},"end":{"line":48,"column":3}},"loc":{"start":{"line":48,"column":16},"end":{"line":50,"column":3}}},"6":{"name":"(anonymous_6)","decl":{"start":{"line":52,"column":2},"end":{"line":52,"column":3}},"loc":{"start":{"line":52,"column":11},"end":{"line":71,"column":3}}}},"branchMap":{"0":{"loc":{"start":{"line":33,"column":4},"end":{"line":37,"column":5}},"type":"if","locations":[{"start":{"line":33,"column":4},"end":{"line":37,"column":5}},{"start":{"line":33,"column":4},"end":{"line":37,"column":5}}]},"1":{"loc":{"start":{"line":41,"column":4},"end":{"line":45,"column":5}},"type":"if","locations":[{"start":{"line":41,"column":4},"end":{"line":45,"column":5}},{"start":{"line":41,"column":4},"end":{"line":45,"column":5}}]},"2":{"loc":{"start":{"line":49,"column":4},"end":{"line":49,"column":77}},"type":"if","locations":[{"start":{"line":49,"column":4},"end":{"line":49,"column":77}},{"start":{"line":49,"column":4},"end":{"line":49,"column":77}}]},"3":{"loc":{"start":{"line":55,"column":4},"end":{"line":68,"column":5}},"type":"if","locations":[{"start":{"line":55,"column":4},"end":{"line":68,"column":5}},{"start":{"line":55,"column":4},"end":{"line":68,"column":5}}]}},"s":{"0":1,"1":4,"2":4,"3":4,"4":7,"5":2,"6":2,"7":1,"8":1,"9":1,"10":1,"11":7,"12":7,"13":4,"14":3,"15":7,"16":1},"f":{"0":4,"1":4,"2":7,"3":2,"4":1,"5":1,"6":7},"b":{"0":[2,0],"1":[1,0],"2":[1,0],"3":[4,3]},"_coverageSchema":"332fd63041d2c1bcb487cc26dd0d5f7d97098a6c","hash":"1d5c79bb4ead366d7d72918a5e84faec92413e01"}
,"/home/osifo/ahead/web/tilte/app/helpers/HttpHelper.js": {"path":"/home/osifo/ahead/web/tilte/app/helpers/HttpHelper.js","statementMap":{"0":{"start":{"line":1,"column":34},"end":{"line":5,"column":1}},"1":{"start":{"line":2,"column":20},"end":{"line":2,"column":34}},"2":{"start":{"line":3,"column":2},"end":{"line":3,"column":51}},"3":{"start":{"line":4,"column":2},"end":{"line":4,"column":19}}},"fnMap":{"0":{"name":"(anonymous_0)","decl":{"start":{"line":1,"column":34},"end":{"line":1,"column":35}},"loc":{"start":{"line":1,"column":46},"end":{"line":5,"column":1}}}},"branchMap":{},"s":{"0":1,"1":1,"2":1,"3":1},"f":{"0":1},"b":{},"_coverageSchema":"332fd63041d2c1bcb487cc26dd0d5f7d97098a6c","hash":"f4d58866988cb3a759b60c27b4f13da88842b57e"}
,"/home/osifo/ahead/web/tilte/app/reducers/FeedReducer.js": {"path":"/home/osifo/ahead/web/tilte/app/reducers/FeedReducer.js","statementMap":{"0":{"start":{"line":5,"column":28},"end":{"line":5,"column":30}},"1":{"start":{"line":8,"column":24},"end":{"line":24,"column":1}},"2":{"start":{"line":9,"column":2},"end":{"line":9,"column":23}},"3":{"start":{"line":11,"column":2},"end":{"line":23,"column":3}},"4":{"start":{"line":13,"column":6},"end":{"line":13,"column":33}},"5":{"start":{"line":16,"column":6},"end":{"line":16,"column":16}},"6":{"start":{"line":19,"column":6},"end":{"line":19,"column":32}},"7":{"start":{"line":22,"column":6},"end":{"line":22,"column":26}},"8":{"start":{"line":26,"column":18},"end":{"line":28,"column":1}},"9":{"start":{"line":27,"column":2},"end":{"line":27,"column":56}},"10":{"start":{"line":27,"column":39},"end":{"line":27,"column":54}},"11":{"start":{"line":30,"column":23},"end":{"line":32,"column":1}},"12":{"start":{"line":31,"column":2},"end":{"line":31,"column":67}},"13":{"start":{"line":31,"column":44},"end":{"line":31,"column":65}},"14":{"start":{"line":34,"column":19},"end":{"line":39,"column":1}},"15":{"start":{"line":35,"column":22},"end":{"line":35,"column":60}},"16":{"start":{"line":36,"column":2},"end":{"line":38,"column":5}}},"fnMap":{"0":{"name":"(anonymous_0)","decl":{"start":{"line":8,"column":24},"end":{"line":8,"column":25}},"loc":{"start":{"line":8,"column":56},"end":{"line":24,"column":1}}},"1":{"name":"(anonymous_1)","decl":{"start":{"line":26,"column":18},"end":{"line":26,"column":19}},"loc":{"start":{"line":26,"column":26},"end":{"line":28,"column":1}}},"2":{"name":"(anonymous_2)","decl":{"start":{"line":27,"column":27},"end":{"line":27,"column":28}},"loc":{"start":{"line":27,"column":39},"end":{"line":27,"column":54}}},"3":{"name":"(anonymous_3)","decl":{"start":{"line":30,"column":23},"end":{"line":30,"column":24}},"loc":{"start":{"line":30,"column":37},"end":{"line":32,"column":1}}},"4":{"name":"(anonymous_4)","decl":{"start":{"line":31,"column":32},"end":{"line":31,"column":33}},"loc":{"start":{"line":31,"column":44},"end":{"line":31,"column":65}}},"5":{"name":"(anonymous_5)","decl":{"start":{"line":34,"column":19},"end":{"line":34,"column":20}},"loc":{"start":{"line":34,"column":31},"end":{"line":39,"column":1}}}},"branchMap":{"0":{"loc":{"start":{"line":8,"column":25},"end":{"line":8,"column":43}},"type":"default-arg","locations":[{"start":{"line":8,"column":31},"end":{"line":8,"column":43}}]},"1":{"loc":{"start":{"line":11,"column":2},"end":{"line":23,"column":3}},"type":"switch","locations":[{"start":{"line":12,"column":4},"end":{"line":13,"column":33}},{"start":{"line":15,"column":4},"end":{"line":16,"column":16}},{"start":{"line":18,"column":4},"end":{"line":19,"column":32}},{"start":{"line":21,"column":4},"end":{"line":22,"column":26}}]}},"s":{"0":1,"1":1,"2":1,"3":1,"4":0,"5":0,"6":0,"7":1,"8":1,"9":0,"10":0,"11":1,"12":0,"13":0,"14":1,"15":0,"16":0},"f":{"0":1,"1":0,"2":0,"3":0,"4":0,"5":0},"b":{"0":[0],"1":[0,0,0,1]},"_coverageSchema":"332fd63041d2c1bcb487cc26dd0d5f7d97098a6c","hash":"6e859cce1a994f846922a4953f9e3594255d702b"}
,"/home/osifo/ahead/web/tilte/app/styles/like_trigger.scss": {"path":"/home/osifo/ahead/web/tilte/app/styles/like_trigger.scss","statementMap":{},"fnMap":{},"branchMap":{},"s":{},"f":{},"b":{},"_coverageSchema":"332fd63041d2c1bcb487cc26dd0d5f7d97098a6c","hash":"296fa3cf1c1b7b579995964663567a19483a6116"}
}
