TN:
SF:/home/osifo/ahead/web/tilte/app/constants.js
FNF:0
FNH:0
DA:2,2
DA:3,2
DA:4,2
DA:5,2
DA:6,2
DA:7,2
DA:8,2
DA:9,2
DA:10,2
DA:11,2
DA:12,2
DA:13,2
DA:14,2
DA:16,2
DA:22,2
DA:31,2
DA:33,2
DA:35,2
DA:42,2
DA:44,2
DA:46,2
LF:21
LH:21
BRDA:31,0,0,0
BRDA:31,0,1,2
BRDA:42,1,0,0
BRDA:42,1,1,2
BRF:4
BRH:2
end_of_record
TN:
SF:/home/osifo/ahead/web/tilte/app/actions/EventActionCreators.js
FN:6,(anonymous_0)
FN:10,(anonymous_1)
FN:14,(anonymous_2)
FN:18,(anonymous_3)
FN:25,(anonymous_4)
FN:29,(anonymous_5)
FN:30,(anonymous_6)
FN:34,(anonymous_7)
FN:38,(anonymous_8)
FN:45,(anonymous_9)
FN:49,(anonymous_10)
FN:50,(anonymous_11)
FNF:12
FNH:1
FNDA:0,(anonymous_0)
FNDA:0,(anonymous_1)
FNDA:0,(anonymous_2)
FNDA:1,(anonymous_3)
FNDA:0,(anonymous_4)
FNDA:0,(anonymous_5)
FNDA:0,(anonymous_6)
FNDA:0,(anonymous_7)
FNDA:0,(anonymous_8)
FNDA:0,(anonymous_9)
FNDA:0,(anonymous_10)
FNDA:0,(anonymous_11)
DA:6,1
DA:10,1
DA:14,1
DA:18,1
DA:19,1
DA:21,1
DA:25,1
DA:26,0
DA:28,0
DA:29,0
DA:30,0
DA:34,1
DA:38,1
DA:39,0
DA:41,0
DA:45,0
DA:46,0
DA:48,0
DA:49,0
DA:50,0
LF:20
LH:9
BRF:0
BRH:0
end_of_record
TN:
SF:/home/osifo/ahead/web/tilte/app/api/EventAPI.js
FN:4,(anonymous_0)
FN:10,(anonymous_1)
FN:13,(anonymous_2)
FN:18,(anonymous_3)
FNF:4
FNH:0
FNDA:0,(anonymous_0)
FNDA:0,(anonymous_1)
FNDA:0,(anonymous_2)
FNDA:0,(anonymous_3)
DA:4,1
DA:5,0
DA:10,0
DA:13,1
DA:14,0
DA:18,0
LF:6
LH:2
BRF:0
BRH:0
end_of_record
TN:
SF:/home/osifo/ahead/web/tilte/app/components/Icon.js
FN:4,(anonymous_0)
FNF:1
FNH:1
FNDA:7,(anonymous_0)
DA:4,1
DA:5,7
DA:16,7
DA:23,1
DA:29,1
LF:5
LH:5
BRF:0
BRH:0
end_of_record
TN:
SF:/home/osifo/ahead/web/tilte/app/components/LikeTrigger.js
FN:10,(anonymous_0)
FN:22,(anonymous_1)
FN:28,(anonymous_2)
FN:32,(anonymous_3)
FN:40,(anonymous_4)
FN:48,(anonymous_5)
FN:52,(anonymous_6)
FNF:7
FNH:7
FNDA:4,(anonymous_0)
FNDA:4,(anonymous_1)
FNDA:7,(anonymous_2)
FNDA:2,(anonymous_3)
FNDA:1,(anonymous_4)
FNDA:1,(anonymous_5)
FNDA:7,(anonymous_6)
DA:1,1
DA:11,4
DA:13,4
DA:23,4
DA:29,7
DA:33,2
DA:34,2
DA:41,1
DA:42,1
DA:49,1
DA:53,7
DA:55,7
DA:56,4
DA:63,3
DA:70,7
DA:74,1
LF:16
LH:16
BRDA:33,0,0,2
BRDA:33,0,1,0
BRDA:41,1,0,1
BRDA:41,1,1,0
BRDA:49,2,0,1
BRDA:49,2,1,0
BRDA:55,3,0,4
BRDA:55,3,1,3
BRF:8
BRH:5
end_of_record
TN:
SF:/home/osifo/ahead/web/tilte/app/helpers/HttpHelper.js
FN:1,(anonymous_0)
FNF:1
FNH:1
FNDA:1,(anonymous_0)
DA:1,1
DA:2,1
DA:3,1
DA:4,1
LF:4
LH:4
BRF:0
BRH:0
end_of_record
TN:
SF:/home/osifo/ahead/web/tilte/app/reducers/FeedReducer.js
FN:8,(anonymous_0)
FN:26,(anonymous_1)
FN:27,(anonymous_2)
FN:30,(anonymous_3)
FN:31,(anonymous_4)
FN:34,(anonymous_5)
FNF:6
FNH:1
FNDA:1,(anonymous_0)
FNDA:0,(anonymous_1)
FNDA:0,(anonymous_2)
FNDA:0,(anonymous_3)
FNDA:0,(anonymous_4)
FNDA:0,(anonymous_5)
DA:5,1
DA:8,1
DA:9,1
DA:11,1
DA:13,0
DA:16,0
DA:19,0
DA:22,1
DA:26,1
DA:27,0
DA:30,1
DA:31,0
DA:34,1
DA:35,0
DA:36,0
LF:15
LH:8
BRDA:8,0,0,0
BRDA:11,1,0,0
BRDA:11,1,1,0
BRDA:11,1,2,0
BRDA:11,1,3,1
BRF:5
BRH:1
end_of_record
TN:
SF:/home/osifo/ahead/web/tilte/app/styles/like_trigger.scss
FNF:0
FNH:0
LF:0
LH:0
BRF:0
BRH:0
end_of_record
